#
# There is insufficient memory for the Java Runtime Environment to continue.
# Native memory allocation (malloc) failed to allocate 219856 bytes for Chunk::new
# Possible reasons:
#   The system is out of physical RAM or swap space
#   The process is running with CompressedOops enabled, and the Java Heap may be blocking the growth of the native heap
# Possible solutions:
#   Reduce memory load on the system
#   Increase physical memory or swap space
#   Check if swap backing store is full
#   Decrease Java heap size (-Xmx/-Xms)
#   Decrease number of Java threads
#   Decrease Java thread stack sizes (-Xss)
#   Set larger code cache with -XX:ReservedCodeCacheSize=
#   JVM is running with Unscaled Compressed Oops mode in which the Java heap is
#     placed in the first 4GB address space. The Java Heap base address is the
#     maximum limit for the native heap growth. Please use -XX:HeapBaseMinAddress
#     to set the Java Heap base and to place the Java Heap above 4GB virtual address.
# This output file may be truncated or incomplete.
#
#  Out of Memory Error (./open/src/hotspot/share/memory/arena.cpp:195), pid=15820, tid=18696
#
# JRE version: Java(TM) SE Runtime Environment (14.0.2+12) (build 14.0.2+12-46)
# Java VM: Java HotSpot(TM) 64-Bit Server VM (14.0.2+12-46, mixed mode, sharing, tiered, compressed oops, g1 gc, windows-amd64)
# No core dump will be written. Minidumps are not enabled by default on client versions of Windows
#

---------------  S U M M A R Y ------------

Command Line: org.jetbrains.kotlin.cli.jvm.K2JVMCompiler @C:\Users\Lenovo\Documents\Project\Krenova SMA 1 Kramat\Apps\smartgrow\node_modules\react-native-screens\android\build\20230518_6892535278036515.compiler.options

Host: AMD Ryzen 3 3200U with Radeon Vega Mobile Gfx  , 4 cores, 5G,  Windows 10 , 64 bit Build 19041 (10.0.19041.2913)
Time: Thu May 18 08:26:21 2023 SE Asia Standard Time elapsed time: 3 seconds (0d 0h 0m 3s)

---------------  T H R E A D  ---------------

Current thread (0x00000240a9866800):  JavaThread "C2 CompilerThread0" daemon [_thread_in_native, id=18696, stack(0x0000004fe1800000,0x0000004fe1900000)]


Current CompileTask:
C2:   3082  529   !   4       java.util.zip.ZipFile::getEntry (73 bytes)

Stack: [0x0000004fe1800000,0x0000004fe1900000]
Native frames: (J=compiled Java code, j=interpreted, Vv=VM code, C=native code)
V  [jvm.dll+0x5f8a9a]
V  [jvm.dll+0x74247a]
V  [jvm.dll+0x743c2f]
V  [jvm.dll+0x744273]
V  [jvm.dll+0x20d288]
V  [jvm.dll+0xabb07]
V  [jvm.dll+0xac1fc]
V  [jvm.dll+0x31c438]
V  [jvm.dll+0x2e6b38]
V  [jvm.dll+0x2e5f3a]
V  [jvm.dll+0x1e5e16]
V  [jvm.dll+0x1e50b8]
V  [jvm.dll+0x1779cc]
V  [jvm.dll+0x1f4105]
V  [jvm.dll+0x1f22eb]
V  [jvm.dll+0x7070cd]
V  [jvm.dll+0x6ffeda]
V  [jvm.dll+0x5f78f6]
C  [ucrtbase.dll+0x21bb2]
C  [KERNEL32.DLL+0x17614]
C  [ntdll.dll+0x526a1]


---------------  P R O C E S S  ---------------

Threads class SMR info:
_java_thread_list=0x00000240aa2a9730, length=11, elements={
0x000002408a43a000, 0x00000240a9842000, 0x00000240a9844800, 0x00000240a9861000,
0x00000240a9864000, 0x00000240a9865800, 0x00000240a9866800, 0x00000240a98d9000,
0x00000240a98da000, 0x00000240aa2b4800, 0x00000240aa2bd800
}

Java Threads: ( => current thread )
  0x000002408a43a000 JavaThread "main" [_thread_in_Java, id=7740, stack(0x0000004fe0b00000,0x0000004fe0c00000)]
  0x00000240a9842000 JavaThread "Reference Handler" daemon [_thread_blocked, id=16700, stack(0x0000004fe1300000,0x0000004fe1400000)]
  0x00000240a9844800 JavaThread "Finalizer" daemon [_thread_blocked, id=756, stack(0x0000004fe1400000,0x0000004fe1500000)]
  0x00000240a9861000 JavaThread "Signal Dispatcher" daemon [_thread_blocked, id=6516, stack(0x0000004fe1500000,0x0000004fe1600000)]
  0x00000240a9864000 JavaThread "Attach Listener" daemon [_thread_blocked, id=1264, stack(0x0000004fe1600000,0x0000004fe1700000)]
  0x00000240a9865800 JavaThread "Service Thread" daemon [_thread_blocked, id=11944, stack(0x0000004fe1700000,0x0000004fe1800000)]
=>0x00000240a9866800 JavaThread "C2 CompilerThread0" daemon [_thread_in_native, id=18696, stack(0x0000004fe1800000,0x0000004fe1900000)]
  0x00000240a98d9000 JavaThread "C1 CompilerThread0" daemon [_thread_blocked, id=19192, stack(0x0000004fe1900000,0x0000004fe1a00000)]
  0x00000240a98da000 JavaThread "Sweeper thread" daemon [_thread_blocked, id=17280, stack(0x0000004fe1a00000,0x0000004fe1b00000)]
  0x00000240aa2b4800 JavaThread "Notification Thread" daemon [_thread_blocked, id=18612, stack(0x0000004fe1b00000,0x0000004fe1c00000)]
  0x00000240aa2bd800 JavaThread "Common-Cleaner" daemon [_thread_blocked, id=10764, stack(0x0000004fe1d00000,0x0000004fe1e00000)]

Other Threads:
  0x000002408a51c800 VMThread "VM Thread" [stack: 0x0000004fe1200000,0x0000004fe1300000] [id=1640]
  0x00000240aa2bd000 WatcherThread [stack: 0x0000004fe1c00000,0x0000004fe1d00000] [id=13152]
  0x000002408a476000 GCTaskThread "GC Thread#0" [stack: 0x0000004fe0d00000,0x0000004fe0e00000] [id=15796]
  0x00000240aa68d800 GCTaskThread "GC Thread#1" [stack: 0x0000004fe1e00000,0x0000004fe1f00000] [id=14868]
  0x000002408a483800 ConcurrentGCThread "G1 Main Marker" [stack: 0x0000004fe0e00000,0x0000004fe0f00000] [id=6444]
  0x000002408a484800 ConcurrentGCThread "G1 Conc#0" [stack: 0x0000004fe0f00000,0x0000004fe1000000] [id=3372]
  0x000002408a4f3800 ConcurrentGCThread "G1 Refine#0" [stack: 0x0000004fe1000000,0x0000004fe1100000] [id=14436]
  0x000002408a4f6000 ConcurrentGCThread "G1 Young RemSet Sampling" [stack: 0x0000004fe1100000,0x0000004fe1200000] [id=12088]

Threads with active compile tasks:
C2 CompilerThread0     3119  529   !   4       java.util.zip.ZipFile::getEntry (73 bytes)

VM state:not at safepoint (normal execution)

VM Mutex/Monitor currently owned by a thread: None

Heap address: 0x00000000a0e00000, size: 1522 MB, Compressed Oops mode: 32-bit
Narrow klass base: 0x0000000800000000, Narrow klass shift: 3
Compressed class space size: 1073741824 Address: 0x0000000800b30000

Heap:
 garbage-first heap   total 98304K, used 10345K [0x00000000a0e00000, 0x0000000100000000)
  region size 1024K, 8 young (8192K), 2 survivors (2048K)
 Metaspace       used 4771K, capacity 8410K, committed 8576K, reserved 1056768K
  class space    used 435K, capacity 781K, committed 896K, reserved 1048576K
Heap Regions: E=young(eden), S=young(survivor), O=old, HS=humongous(starts), HC=humongous(continues), CS=collection set, F=free, OA=open archive, CA=closed archive, TAMS=top-at-mark-start (previous, next)
|   0|0x00000000a0e00000, 0x00000000a0f00000, 0x00000000a0f00000|100%|HS|  |TAMS 0x00000000a0e00000, 0x00000000a0e00000| Complete 
|   1|0x00000000a0f00000, 0x00000000a1000000, 0x00000000a1000000|100%|HC|  |TAMS 0x00000000a0f00000, 0x00000000a0f00000| Complete 
|   2|0x00000000a1000000, 0x00000000a1100000, 0x00000000a1100000|100%|HC|  |TAMS 0x00000000a1000000, 0x00000000a1000000| Complete 
|   3|0x00000000a1100000, 0x00000000a1100000, 0x00000000a1200000|  0%| F|  |TAMS 0x00000000a1100000, 0x00000000a1100000| Untracked 
|   4|0x00000000a1200000, 0x00000000a121a400, 0x00000000a1300000| 10%| O|  |TAMS 0x00000000a1200000, 0x00000000a1200000| Untracked 
|   5|0x00000000a1300000, 0x00000000a1300000, 0x00000000a1400000|  0%| F|  |TAMS 0x00000000a1300000, 0x00000000a1300000| Untracked 
|   6|0x00000000a1400000, 0x00000000a1400000, 0x00000000a1500000|  0%| F|  |TAMS 0x00000000a1400000, 0x00000000a1400000| Untracked 
|   7|0x00000000a1500000, 0x00000000a1500000, 0x00000000a1600000|  0%| F|  |TAMS 0x00000000a1500000, 0x00000000a1500000| Untracked 
|   8|0x00000000a1600000, 0x00000000a1600000, 0x00000000a1700000|  0%| F|  |TAMS 0x00000000a1600000, 0x00000000a1600000| Untracked 
|   9|0x00000000a1700000, 0x00000000a1700000, 0x00000000a1800000|  0%| F|  |TAMS 0x00000000a1700000, 0x00000000a1700000| Untracked 
|  10|0x00000000a1800000, 0x00000000a1800000, 0x00000000a1900000|  0%| F|  |TAMS 0x00000000a1800000, 0x00000000a1800000| Untracked 
|  11|0x00000000a1900000, 0x00000000a1900000, 0x00000000a1a00000|  0%| F|  |TAMS 0x00000000a1900000, 0x00000000a1900000| Untracked 
|  12|0x00000000a1a00000, 0x00000000a1a00000, 0x00000000a1b00000|  0%| F|  |TAMS 0x00000000a1a00000, 0x00000000a1a00000| Untracked 
|  13|0x00000000a1b00000, 0x00000000a1b00000, 0x00000000a1c00000|  0%| F|  |TAMS 0x00000000a1b00000, 0x00000000a1b00000| Untracked 
|  14|0x00000000a1c00000, 0x00000000a1c00000, 0x00000000a1d00000|  0%| F|  |TAMS 0x00000000a1c00000, 0x00000000a1c00000| Untracked 
|  15|0x00000000a1d00000, 0x00000000a1d00000, 0x00000000a1e00000|  0%| F|  |TAMS 0x00000000a1d00000, 0x00000000a1d00000| Untracked 
|  16|0x00000000a1e00000, 0x00000000a1e00000, 0x00000000a1f00000|  0%| F|  |TAMS 0x00000000a1e00000, 0x00000000a1e00000| Untracked 
|  17|0x00000000a1f00000, 0x00000000a1f00000, 0x00000000a2000000|  0%| F|  |TAMS 0x00000000a1f00000, 0x00000000a1f00000| Untracked 
|  18|0x00000000a2000000, 0x00000000a2000000, 0x00000000a2100000|  0%| F|  |TAMS 0x00000000a2000000, 0x00000000a2000000| Untracked 
|  19|0x00000000a2100000, 0x00000000a2100000, 0x00000000a2200000|  0%| F|  |TAMS 0x00000000a2100000, 0x00000000a2100000| Untracked 
|  20|0x00000000a2200000, 0x00000000a2200000, 0x00000000a2300000|  0%| F|  |TAMS 0x00000000a2200000, 0x00000000a2200000| Untracked 
|  21|0x00000000a2300000, 0x00000000a2300000, 0x00000000a2400000|  0%| F|  |TAMS 0x00000000a2300000, 0x00000000a2300000| Untracked 
|  22|0x00000000a2400000, 0x00000000a2400000, 0x00000000a2500000|  0%| F|  |TAMS 0x00000000a2400000, 0x00000000a2400000| Untracked 
|  23|0x00000000a2500000, 0x00000000a2500000, 0x00000000a2600000|  0%| F|  |TAMS 0x00000000a2500000, 0x00000000a2500000| Untracked 
|  24|0x00000000a2600000, 0x00000000a2600000, 0x00000000a2700000|  0%| F|  |TAMS 0x00000000a2600000, 0x00000000a2600000| Untracked 
|  25|0x00000000a2700000, 0x00000000a2700000, 0x00000000a2800000|  0%| F|  |TAMS 0x00000000a2700000, 0x00000000a2700000| Untracked 
|  26|0x00000000a2800000, 0x00000000a2800000, 0x00000000a2900000|  0%| F|  |TAMS 0x00000000a2800000, 0x00000000a2800000| Untracked 
|  27|0x00000000a2900000, 0x00000000a2900000, 0x00000000a2a00000|  0%| F|  |TAMS 0x00000000a2900000, 0x00000000a2900000| Untracked 
|  28|0x00000000a2a00000, 0x00000000a2a00000, 0x00000000a2b00000|  0%| F|  |TAMS 0x00000000a2a00000, 0x00000000a2a00000| Untracked 
|  29|0x00000000a2b00000, 0x00000000a2b00000, 0x00000000a2c00000|  0%| F|  |TAMS 0x00000000a2b00000, 0x00000000a2b00000| Untracked 
|  30|0x00000000a2c00000, 0x00000000a2c00000, 0x00000000a2d00000|  0%| F|  |TAMS 0x00000000a2c00000, 0x00000000a2c00000| Untracked 
|  31|0x00000000a2d00000, 0x00000000a2d00000, 0x00000000a2e00000|  0%| F|  |TAMS 0x00000000a2d00000, 0x00000000a2d00000| Untracked 
|  32|0x00000000a2e00000, 0x00000000a2e00000, 0x00000000a2f00000|  0%| F|  |TAMS 0x00000000a2e00000, 0x00000000a2e00000| Untracked 
|  33|0x00000000a2f00000, 0x00000000a2f00000, 0x00000000a3000000|  0%| F|  |TAMS 0x00000000a2f00000, 0x00000000a2f00000| Untracked 
|  34|0x00000000a3000000, 0x00000000a3000000, 0x00000000a3100000|  0%| F|  |TAMS 0x00000000a3000000, 0x00000000a3000000| Untracked 
|  35|0x00000000a3100000, 0x00000000a3100000, 0x00000000a3200000|  0%| F|  |TAMS 0x00000000a3100000, 0x00000000a3100000| Untracked 
|  36|0x00000000a3200000, 0x00000000a3200000, 0x00000000a3300000|  0%| F|  |TAMS 0x00000000a3200000, 0x00000000a3200000| Untracked 
|  37|0x00000000a3300000, 0x00000000a3300000, 0x00000000a3400000|  0%| F|  |TAMS 0x00000000a3300000, 0x00000000a3300000| Untracked 
|  38|0x00000000a3400000, 0x00000000a3400000, 0x00000000a3500000|  0%| F|  |TAMS 0x00000000a3400000, 0x00000000a3400000| Untracked 
|  39|0x00000000a3500000, 0x00000000a3500000, 0x00000000a3600000|  0%| F|  |TAMS 0x00000000a3500000, 0x00000000a3500000| Untracked 
|  40|0x00000000a3600000, 0x00000000a3600000, 0x00000000a3700000|  0%| F|  |TAMS 0x00000000a3600000, 0x00000000a3600000| Untracked 
|  41|0x00000000a3700000, 0x00000000a3700000, 0x00000000a3800000|  0%| F|  |TAMS 0x00000000a3700000, 0x00000000a3700000| Untracked 
|  42|0x00000000a3800000, 0x00000000a3800000, 0x00000000a3900000|  0%| F|  |TAMS 0x00000000a3800000, 0x00000000a3800000| Untracked 
|  43|0x00000000a3900000, 0x00000000a3900000, 0x00000000a3a00000|  0%| F|  |TAMS 0x00000000a3900000, 0x00000000a3900000| Untracked 
|  44|0x00000000a3a00000, 0x00000000a3a00000, 0x00000000a3b00000|  0%| F|  |TAMS 0x00000000a3a00000, 0x00000000a3a00000| Untracked 
|  45|0x00000000a3b00000, 0x00000000a3b00000, 0x00000000a3c00000|  0%| F|  |TAMS 0x00000000a3b00000, 0x00000000a3b00000| Untracked 
|  46|0x00000000a3c00000, 0x00000000a3c00000, 0x00000000a3d00000|  0%| F|  |TAMS 0x00000000a3c00000, 0x00000000a3c00000| Untracked 
|  47|0x00000000a3d00000, 0x00000000a3d00000, 0x00000000a3e00000|  0%| F|  |TAMS 0x00000000a3d00000, 0x00000000a3d00000| Untracked 
|  48|0x00000000a3e00000, 0x00000000a3e00000, 0x00000000a3f00000|  0%| F|  |TAMS 0x00000000a3e00000, 0x00000000a3e00000| Untracked 
|  49|0x00000000a3f00000, 0x00000000a3f00000, 0x00000000a4000000|  0%| F|  |TAMS 0x00000000a3f00000, 0x00000000a3f00000| Untracked 
|  50|0x00000000a4000000, 0x00000000a4000000, 0x00000000a4100000|  0%| F|  |TAMS 0x00000000a4000000, 0x00000000a4000000| Untracked 
|  51|0x00000000a4100000, 0x00000000a4100000, 0x00000000a4200000|  0%| F|  |TAMS 0x00000000a4100000, 0x00000000a4100000| Untracked 
|  52|0x00000000a4200000, 0x00000000a4200000, 0x00000000a4300000|  0%| F|  |TAMS 0x00000000a4200000, 0x00000000a4200000| Untracked 
|  53|0x00000000a4300000, 0x00000000a4300000, 0x00000000a4400000|  0%| F|  |TAMS 0x00000000a4300000, 0x00000000a4300000| Untracked 
|  54|0x00000000a4400000, 0x00000000a4400000, 0x00000000a4500000|  0%| F|  |TAMS 0x00000000a4400000, 0x00000000a4400000| Untracked 
|  55|0x00000000a4500000, 0x00000000a4500000, 0x00000000a4600000|  0%| F|  |TAMS 0x00000000a4500000, 0x00000000a4500000| Untracked 
|  56|0x00000000a4600000, 0x00000000a4600000, 0x00000000a4700000|  0%| F|  |TAMS 0x00000000a4600000, 0x00000000a4600000| Untracked 
|  57|0x00000000a4700000, 0x00000000a4700000, 0x00000000a4800000|  0%| F|  |TAMS 0x00000000a4700000, 0x00000000a4700000| Untracked 
|  58|0x00000000a4800000, 0x00000000a4800000, 0x00000000a4900000|  0%| F|  |TAMS 0x00000000a4800000, 0x00000000a4800000| Untracked 
|  59|0x00000000a4900000, 0x00000000a4900000, 0x00000000a4a00000|  0%| F|  |TAMS 0x00000000a4900000, 0x00000000a4900000| Untracked 
|  60|0x00000000a4a00000, 0x00000000a4a00000, 0x00000000a4b00000|  0%| F|  |TAMS 0x00000000a4a00000, 0x00000000a4a00000| Untracked 
|  61|0x00000000a4b00000, 0x00000000a4b00000, 0x00000000a4c00000|  0%| F|  |TAMS 0x00000000a4b00000, 0x00000000a4b00000| Untracked 
|  62|0x00000000a4c00000, 0x00000000a4c00000, 0x00000000a4d00000|  0%| F|  |TAMS 0x00000000a4c00000, 0x00000000a4c00000| Untracked 
|  63|0x00000000a4d00000, 0x00000000a4d00000, 0x00000000a4e00000|  0%| F|  |TAMS 0x00000000a4d00000, 0x00000000a4d00000| Untracked 
|  64|0x00000000a4e00000, 0x00000000a4e00000, 0x00000000a4f00000|  0%| F|  |TAMS 0x00000000a4e00000, 0x00000000a4e00000| Untracked 
|  65|0x00000000a4f00000, 0x00000000a4f00000, 0x00000000a5000000|  0%| F|  |TAMS 0x00000000a4f00000, 0x00000000a4f00000| Untracked 
|  66|0x00000000a5000000, 0x00000000a5000000, 0x00000000a5100000|  0%| F|  |TAMS 0x00000000a5000000, 0x00000000a5000000| Untracked 
|  67|0x00000000a5100000, 0x00000000a5100000, 0x00000000a5200000|  0%| F|  |TAMS 0x00000000a5100000, 0x00000000a5100000| Untracked 
|  68|0x00000000a5200000, 0x00000000a5200000, 0x00000000a5300000|  0%| F|  |TAMS 0x00000000a5200000, 0x00000000a5200000| Untracked 
|  69|0x00000000a5300000, 0x00000000a5300000, 0x00000000a5400000|  0%| F|  |TAMS 0x00000000a5300000, 0x00000000a5300000| Untracked 
|  70|0x00000000a5400000, 0x00000000a5400000, 0x00000000a5500000|  0%| F|  |TAMS 0x00000000a5400000, 0x00000000a5400000| Untracked 
|  71|0x00000000a5500000, 0x00000000a5500000, 0x00000000a5600000|  0%| F|  |TAMS 0x00000000a5500000, 0x00000000a5500000| Untracked 
|  72|0x00000000a5600000, 0x00000000a5600000, 0x00000000a5700000|  0%| F|  |TAMS 0x00000000a5600000, 0x00000000a5600000| Untracked 
|  73|0x00000000a5700000, 0x00000000a5700000, 0x00000000a5800000|  0%| F|  |TAMS 0x00000000a5700000, 0x00000000a5700000| Untracked 
|  74|0x00000000a5800000, 0x00000000a5800000, 0x00000000a5900000|  0%| F|  |TAMS 0x00000000a5800000, 0x00000000a5800000| Untracked 
|  75|0x00000000a5900000, 0x00000000a5900000, 0x00000000a5a00000|  0%| F|  |TAMS 0x00000000a5900000, 0x00000000a5900000| Untracked 
|  76|0x00000000a5a00000, 0x00000000a5a00000, 0x00000000a5b00000|  0%| F|  |TAMS 0x00000000a5a00000, 0x00000000a5a00000| Untracked 
|  77|0x00000000a5b00000, 0x00000000a5b00000, 0x00000000a5c00000|  0%| F|  |TAMS 0x00000000a5b00000, 0x00000000a5b00000| Untracked 
|  78|0x00000000a5c00000, 0x00000000a5c00000, 0x00000000a5d00000|  0%| F|  |TAMS 0x00000000a5c00000, 0x00000000a5c00000| Untracked 
|  79|0x00000000a5d00000, 0x00000000a5d00000, 0x00000000a5e00000|  0%| F|  |TAMS 0x00000000a5d00000, 0x00000000a5d00000| Untracked 
|  80|0x00000000a5e00000, 0x00000000a5e00000, 0x00000000a5f00000|  0%| F|  |TAMS 0x00000000a5e00000, 0x00000000a5e00000| Untracked 
|  81|0x00000000a5f00000, 0x00000000a6000000, 0x00000000a6000000|100%| S|CS|TAMS 0x00000000a5f00000, 0x00000000a5f00000| Complete 
|  82|0x00000000a6000000, 0x00000000a6100000, 0x00000000a6100000|100%| S|CS|TAMS 0x00000000a6000000, 0x00000000a6000000| Complete 
|  83|0x00000000a6100000, 0x00000000a6100000, 0x00000000a6200000|  0%| F|  |TAMS 0x00000000a6100000, 0x00000000a6100000| Untracked 
|  84|0x00000000a6200000, 0x00000000a6200000, 0x00000000a6300000|  0%| F|  |TAMS 0x00000000a6200000, 0x00000000a6200000| Untracked 
|  85|0x00000000a6300000, 0x00000000a6300000, 0x00000000a6400000|  0%| F|  |TAMS 0x00000000a6300000, 0x00000000a6300000| Untracked 
|  86|0x00000000a6400000, 0x00000000a6400000, 0x00000000a6500000|  0%| F|  |TAMS 0x00000000a6400000, 0x00000000a6400000| Untracked 
|  87|0x00000000a6500000, 0x00000000a6500000, 0x00000000a6600000|  0%| F|  |TAMS 0x00000000a6500000, 0x00000000a6500000| Untracked 
|  88|0x00000000a6600000, 0x00000000a6600000, 0x00000000a6700000|  0%| F|  |TAMS 0x00000000a6600000, 0x00000000a6600000| Untracked 
|  89|0x00000000a6700000, 0x00000000a6700000, 0x00000000a6800000|  0%| F|  |TAMS 0x00000000a6700000, 0x00000000a6700000| Untracked 
|  90|0x00000000a6800000, 0x00000000a685b018, 0x00000000a6900000| 35%| E|  |TAMS 0x00000000a6800000, 0x00000000a6800000| Complete 
|  91|0x00000000a6900000, 0x00000000a6a00000, 0x00000000a6a00000|100%| E|CS|TAMS 0x00000000a6900000, 0x00000000a6900000| Complete 
|  92|0x00000000a6a00000, 0x00000000a6b00000, 0x00000000a6b00000|100%| E|CS|TAMS 0x00000000a6a00000, 0x00000000a6a00000| Complete 
|  93|0x00000000a6b00000, 0x00000000a6c00000, 0x00000000a6c00000|100%| E|CS|TAMS 0x00000000a6b00000, 0x00000000a6b00000| Complete 
|  94|0x00000000a6c00000, 0x00000000a6d00000, 0x00000000a6d00000|100%| E|CS|TAMS 0x00000000a6c00000, 0x00000000a6c00000| Complete 
|  95|0x00000000a6d00000, 0x00000000a6e00000, 0x00000000a6e00000|100%| E|CS|TAMS 0x00000000a6d00000, 0x00000000a6d00000| Complete 

Card table byte_map: [0x00000240a3cc0000,0x00000240a3fc0000] _byte_map_base: 0x00000240a37b9000

Marking Bits (Prev, Next): (CMBitMap*) 0x000002408a476988, (CMBitMap*) 0x000002408a4769c8
 Prev Bits: [0x00000240a42c0000, 0x00000240a5a88000)
 Next Bits: [0x00000240a5a90000, 0x00000240a7258000)

Polling page: 0x000002408a220000

Metaspace:

Usage:
  Non-class:      7.45 MB capacity,     4.25 MB ( 57%) used,     3.20 MB ( 43%) free+waste,     4.13 KB ( <1%) overhead. 
      Class:    781.00 KB capacity,   436.82 KB ( 56%) used,   342.80 KB ( 44%) free+waste,     1.38 KB ( <1%) overhead. 
       Both:      8.21 MB capacity,     4.67 MB ( 57%) used,     3.53 MB ( 43%) free+waste,     5.50 KB ( <1%) overhead. 

Virtual space:
  Non-class space:        8.00 MB reserved,       7.50 MB ( 94%) committed 
      Class space:        1.00 GB reserved,     896.00 KB ( <1%) committed 
             Both:        1.01 GB reserved,       8.38 MB ( <1%) committed 

Chunk freelists:
   Non-Class:  51.00 KB
       Class:  19.00 KB
        Both:  70.00 KB

MaxMetaspaceSize: 17179869184.00 GB
CompressedClassSpaceSize: 1.00 GB

CodeHeap 'non-profiled nmethods': size=120000Kb used=151Kb max_used=151Kb free=119848Kb
 bounds [0x000002409be70000, 0x000002409c0e0000, 0x00000240a33a0000]
CodeHeap 'profiled nmethods': size=120000Kb used=958Kb max_used=958Kb free=119041Kb
 bounds [0x0000024094940000, 0x0000024094bb0000, 0x000002409be70000]
CodeHeap 'non-nmethods': size=5760Kb used=1150Kb max_used=1164Kb free=4609Kb
 bounds [0x00000240943a0000, 0x0000024094610000, 0x0000024094940000]
 total_blobs=928 nmethods=528 adapters=313
 compilation: enabled
              stopped_count=0, restarted_count=0
 full_count=0

Compilation events (20 events):
Event: 2.999 Thread 0x00000240a98d9000 nmethod 519 0x0000024094a29b90 code [0x0000024094a29da0, 0x0000024094a2a5a8]
Event: 3.000 Thread 0x00000240a98d9000  520       3       java.util.HashSet::add (20 bytes)
Event: 3.000 Thread 0x00000240a98d9000 nmethod 520 0x0000024094a2a810 code [0x0000024094a2a9c0, 0x0000024094a2ac28]
Event: 3.002 Thread 0x00000240a98d9000  521       3       java.util.jar.JarFile::getVersionedEntry (85 bytes)
Event: 3.004 Thread 0x00000240a98d9000 nmethod 521 0x0000024094a2ad10 code [0x0000024094a2b000, 0x0000024094a2c088]
Event: 3.024 Thread 0x00000240a98d9000  522   !   3       java.util.jar.JarFile::checkForSpecialAttributes (163 bytes)
Event: 3.025 Thread 0x00000240a98d9000 nmethod 522 0x0000024094a2c690 code [0x0000024094a2c9a0, 0x0000024094a2dd78]
Event: 3.025 Thread 0x00000240a98d9000  523       3       java.lang.Boolean::valueOf (14 bytes)
Event: 3.026 Thread 0x00000240a98d9000 nmethod 523 0x0000024094a2e510 code [0x0000024094a2e6a0, 0x0000024094a2e7f8]
Event: 3.028 Thread 0x00000240a98d9000  524       3       kotlin.reflect.jvm.internal.impl.renderer.DescriptorRendererOptionsImpl::property (20 bytes)
Event: 3.028 Thread 0x00000240a98d9000 nmethod 524 0x0000024094a2e890 code [0x0000024094a2ea40, 0x0000024094a2ed98]
Event: 3.028 Thread 0x00000240a98d9000  525       3       kotlin.reflect.jvm.internal.impl.renderer.DescriptorRendererOptionsImpl$property$$inlined$vetoable$1::<init> (11 bytes)
Event: 3.028 Thread 0x00000240a98d9000 nmethod 525 0x0000024094a2ef10 code [0x0000024094a2f0c0, 0x0000024094a2f358]
Event: 3.028 Thread 0x00000240a98d9000  526       3       kotlin.properties.ObservableProperty::<init> (10 bytes)
Event: 3.028 Thread 0x00000240a98d9000 nmethod 526 0x0000024094a2f490 code [0x0000024094a2f620, 0x0000024094a2f7f8]
Event: 3.048 Thread 0x00000240a9866800  527       4       java.util.zip.ZipCoder$UTF8::getBytes (10 bytes)
Event: 3.051 Thread 0x00000240a9866800 nmethod 527 0x000002409be95390 code [0x000002409be95540, 0x000002409be95818]
Event: 3.051 Thread 0x00000240a9866800  528       4       java.lang.StringCoding::encodeUTF8 (132 bytes)
Event: 3.053 Thread 0x00000240a9866800 nmethod 528 0x000002409be95990 code [0x000002409be95b40, 0x000002409be95db8]
Event: 3.068 Thread 0x00000240a9866800  529   !   4       java.util.zip.ZipFile::getEntry (73 bytes)

GC Heap History (2 events):
Event: 2.519 GC heap before
{Heap before GC invocations=0 (full 0):
 garbage-first heap   total 98304K, used 16384K [0x00000000a0e00000, 0x0000000100000000)
  region size 1024K, 13 young (13312K), 0 survivors (0K)
 Metaspace       used 3634K, capacity 7447K, committed 7680K, reserved 1056768K
  class space    used 292K, capacity 652K, committed 768K, reserved 1048576K
}
Event: 2.561 GC heap after
{Heap after GC invocations=1 (full 0):
 garbage-first heap   total 98304K, used 5225K [0x00000000a0e00000, 0x0000000100000000)
  region size 1024K, 2 young (2048K), 2 survivors (2048K)
 Metaspace       used 3634K, capacity 7447K, committed 7680K, reserved 1056768K
  class space    used 292K, capacity 652K, committed 768K, reserved 1048576K
}

Deoptimization events (20 events):
Event: 0.523 Thread 0x000002408a43a000 DEOPT PACKING pc=0x000002409496194b sp=0x0000004fe0bfd920
Event: 0.523 Thread 0x000002408a43a000 DEOPT UNPACKING pc=0x00000240943e964e sp=0x0000004fe0bfcdf0 mode 0
Event: 0.523 Thread 0x000002408a43a000 DEOPT PACKING pc=0x0000024094961f8e sp=0x0000004fe0bfd950
Event: 0.523 Thread 0x000002408a43a000 DEOPT UNPACKING pc=0x00000240943e964e sp=0x0000004fe0bfcdf0 mode 0
Event: 0.523 Thread 0x000002408a43a000 DEOPT PACKING pc=0x000002409496194b sp=0x0000004fe0bfd920
Event: 0.523 Thread 0x000002408a43a000 DEOPT UNPACKING pc=0x00000240943e964e sp=0x0000004fe0bfcdf0 mode 0
Event: 0.523 Thread 0x000002408a43a000 DEOPT PACKING pc=0x0000024094961f8e sp=0x0000004fe0bfd950
Event: 0.523 Thread 0x000002408a43a000 DEOPT UNPACKING pc=0x00000240943e964e sp=0x0000004fe0bfcdf0 mode 0
Event: 0.524 Thread 0x000002408a43a000 DEOPT PACKING pc=0x0000024094961f8e sp=0x0000004fe0bfd950
Event: 0.524 Thread 0x000002408a43a000 DEOPT UNPACKING pc=0x00000240943e964e sp=0x0000004fe0bfcdf0 mode 0
Event: 0.524 Thread 0x000002408a43a000 DEOPT PACKING pc=0x0000024094961f8e sp=0x0000004fe0bfd950
Event: 0.524 Thread 0x000002408a43a000 DEOPT UNPACKING pc=0x00000240943e964e sp=0x0000004fe0bfcdf0 mode 0
Event: 0.524 Thread 0x000002408a43a000 DEOPT PACKING pc=0x0000024094961f8e sp=0x0000004fe0bfd950
Event: 0.524 Thread 0x000002408a43a000 DEOPT UNPACKING pc=0x00000240943e964e sp=0x0000004fe0bfcdf0 mode 0
Event: 0.524 Thread 0x000002408a43a000 DEOPT PACKING pc=0x0000024094961f8e sp=0x0000004fe0bfd950
Event: 0.524 Thread 0x000002408a43a000 DEOPT UNPACKING pc=0x00000240943e964e sp=0x0000004fe0bfcdf0 mode 0
Event: 0.525 Thread 0x000002408a43a000 DEOPT PACKING pc=0x0000024094961f8e sp=0x0000004fe0bfd950
Event: 0.525 Thread 0x000002408a43a000 DEOPT UNPACKING pc=0x00000240943e964e sp=0x0000004fe0bfcdf0 mode 0
Event: 1.540 Thread 0x000002408a43a000 DEOPT PACKING pc=0x00000240949840b2 sp=0x0000004fe0bf84f0
Event: 1.540 Thread 0x000002408a43a000 DEOPT UNPACKING pc=0x00000240943e964e sp=0x0000004fe0bf7958 mode 0

Classes unloaded (0 events):
No events

Classes redefined (0 events):
No events

Internal exceptions (0 events):
No events

Events (20 events):
Event: 2.902 loading class sun/net/www/protocol/jar/JarFileFactory
Event: 2.902 loading class sun/net/www/protocol/jar/URLJarFile$URLJarFileCloseController
Event: 2.902 loading class sun/net/www/protocol/jar/URLJarFile$URLJarFileCloseController done
Event: 2.902 loading class sun/net/www/protocol/jar/JarFileFactory done
Event: 2.902 loading class sun/net/www/protocol/file/FileURLConnection
Event: 2.902 loading class sun/net/www/URLConnection
Event: 2.903 loading class sun/net/www/URLConnection done
Event: 2.903 loading class sun/net/www/protocol/file/FileURLConnection done
Event: 2.903 loading class sun/net/www/MessageHeader
Event: 2.903 loading class sun/net/www/MessageHeader done
Event: 2.903 loading class sun/net/www/protocol/jar/URLJarFile
Event: 2.903 loading class sun/net/www/protocol/jar/URLJarFile done
Event: 2.903 Executing VM operation: HandshakeAllThreads
Event: 2.904 Executing VM operation: HandshakeAllThreads done
Event: 2.905 loading class sun/net/www/protocol/jar/URLJarFile$URLJarFileEntry
Event: 2.905 loading class sun/net/www/protocol/jar/URLJarFile$URLJarFileEntry done
Event: 2.905 loading class sun/net/www/protocol/jar/JarURLConnection$JarURLInputStream
Event: 2.905 loading class sun/net/www/protocol/jar/JarURLConnection$JarURLInputStream done
Event: 3.039 loading class java/util/Collections$SingletonList
Event: 3.040 loading class java/util/Collections$SingletonList done


Dynamic libraries:
0x00007ff6624b0000 - 0x00007ff6624bf000 	C:\Program Files\Java\jdk-14.0.2\bin\java.exe
0x00007ffa1f770000 - 0x00007ffa1f968000 	C:\Windows\SYSTEM32\ntdll.dll
0x00007ffa1f660000 - 0x00007ffa1f71f000 	C:\Windows\System32\KERNEL32.DLL
0x00007ffa1cf20000 - 0x00007ffa1d216000 	C:\Windows\System32\KERNELBASE.dll
0x00007ffa1d580000 - 0x00007ffa1d680000 	C:\Windows\System32\ucrtbase.dll
0x00007ffa1a6a0000 - 0x00007ffa1a6b8000 	C:\Program Files\Java\jdk-14.0.2\bin\jli.dll
0x00007ffa1f3e0000 - 0x00007ffa1f48f000 	C:\Windows\System32\ADVAPI32.dll
0x00007ffa1ece0000 - 0x00007ffa1ed7e000 	C:\Windows\System32\msvcrt.dll
0x00007ffa1d9e0000 - 0x00007ffa1da7c000 	C:\Windows\System32\sechost.dll
0x00007ffa1ea80000 - 0x00007ffa1eba6000 	C:\Windows\System32\RPCRT4.dll
0x00007ffa1df70000 - 0x00007ffa1e10d000 	C:\Windows\System32\USER32.dll
0x00007ffa1cef0000 - 0x00007ffa1cf12000 	C:\Windows\System32\win32u.dll
0x00007ffa1ebb0000 - 0x00007ffa1ebdc000 	C:\Windows\System32\GDI32.dll
0x00007ffa1d460000 - 0x00007ffa1d575000 	C:\Windows\System32\gdi32full.dll
0x00007ffa1ce50000 - 0x00007ffa1ceed000 	C:\Windows\System32\msvcp_win.dll
0x00007ffa18930000 - 0x00007ffa18945000 	C:\Program Files\Java\jdk-14.0.2\bin\VCRUNTIME140.dll
0x00007ffa0be70000 - 0x00007ffa0c10a000 	C:\Windows\WinSxS\amd64_microsoft.windows.common-controls_6595b64144ccf1df_6.0.19041.1110_none_60b5254171f9507e\COMCTL32.dll
0x00007ffa16740000 - 0x00007ffa1674a000 	C:\Windows\SYSTEM32\VERSION.dll
0x00007ffa1f3b0000 - 0x00007ffa1f3e0000 	C:\Windows\System32\IMM32.DLL
0x00007ff9f5c40000 - 0x00007ff9f5cdb000 	C:\Program Files\Java\jdk-14.0.2\bin\msvcp140.dll
0x00007ff9e7ab0000 - 0x00007ff9e85ce000 	C:\Program Files\Java\jdk-14.0.2\bin\server\jvm.dll
0x00007ffa1f720000 - 0x00007ffa1f728000 	C:\Windows\System32\PSAPI.DLL
0x00007ffa18920000 - 0x00007ffa18929000 	C:\Windows\SYSTEM32\WSOCK32.dll
0x00007ffa1ed80000 - 0x00007ffa1edeb000 	C:\Windows\System32\WS2_32.dll
0x00007ffa13260000 - 0x00007ffa13287000 	C:\Windows\SYSTEM32\WINMM.dll
0x00007ffa1ad10000 - 0x00007ffa1ad22000 	C:\Windows\SYSTEM32\kernel.appcore.dll
0x00007ffa188e0000 - 0x00007ffa188ea000 	C:\Program Files\Java\jdk-14.0.2\bin\jimage.dll
0x00007ffa13550000 - 0x00007ffa13734000 	C:\Windows\SYSTEM32\DBGHELP.DLL
0x00007ffa0d380000 - 0x00007ffa0d3b4000 	C:\Windows\SYSTEM32\dbgcore.DLL
0x00007ffa1d220000 - 0x00007ffa1d2a2000 	C:\Windows\System32\bcryptPrimitives.dll
0x00007ffa188b0000 - 0x00007ffa188d5000 	C:\Program Files\Java\jdk-14.0.2\bin\java.dll
0x00007ffa15b70000 - 0x00007ffa15b86000 	C:\Program Files\Java\jdk-14.0.2\bin\zip.dll
0x00007ffa1e2d0000 - 0x00007ffa1ea14000 	C:\Windows\System32\SHELL32.dll
0x00007ffa1af10000 - 0x00007ffa1b6a3000 	C:\Windows\SYSTEM32\windows.storage.dll
0x00007ffa1dc00000 - 0x00007ffa1df54000 	C:\Windows\System32\combase.dll
0x00007ffa1c7d0000 - 0x00007ffa1c7fe000 	C:\Windows\SYSTEM32\Wldp.dll
0x00007ffa1f5b0000 - 0x00007ffa1f65d000 	C:\Windows\System32\SHCORE.dll
0x00007ffa1ea20000 - 0x00007ffa1ea75000 	C:\Windows\System32\shlwapi.dll
0x00007ffa1cd90000 - 0x00007ffa1cdaf000 	C:\Windows\SYSTEM32\profapi.dll
0x00007ffa10a10000 - 0x00007ffa10a29000 	C:\Program Files\Java\jdk-14.0.2\bin\net.dll
0x00007ffa110e0000 - 0x00007ffa111ea000 	C:\Windows\SYSTEM32\WINHTTP.dll
0x00007ffa1c530000 - 0x00007ffa1c59a000 	C:\Windows\system32\mswsock.dll
0x00007ffa10860000 - 0x00007ffa10872000 	C:\Program Files\Java\jdk-14.0.2\bin\nio.dll

dbghelp: loaded successfully - version: 4.0.5 - missing functions: none
symbol engine: initialized successfully - sym options: 0x614 - pdb path: .;C:\Program Files\Java\jdk-14.0.2\bin;C:\Windows\SYSTEM32;C:\Windows\WinSxS\amd64_microsoft.windows.common-controls_6595b64144ccf1df_6.0.19041.1110_none_60b5254171f9507e;C:\Program Files\Java\jdk-14.0.2\bin\server

VM Arguments:
java_command: org.jetbrains.kotlin.cli.jvm.K2JVMCompiler @C:\Users\Lenovo\Documents\Project\Krenova SMA 1 Kramat\Apps\smartgrow\node_modules\react-native-screens\android\build\20230518_6892535278036515.compiler.options
java_class_path (initial): C:\Users\Lenovo\.gradle\caches\modules-2\files-2.1\org.jetbrains.kotlin\kotlin-compiler-embeddable\1.6.21\97bdd5a752ce73b58ef16c17bc7f0ea2faff7a2e\kotlin-compiler-embeddable-1.6.21.jar;C:\Users\Lenovo\.gradle\caches\modules-2\files-2.1\org.jetbrains.kotlin\kotlin-reflect\1.6.21\5dc3574d9b7bebfcb4ec6b10ada4aaa9e140bd0b\kotlin-reflect-1.6.21.jar;C:\Users\Lenovo\.gradle\caches\modules-2\files-2.1\org.jetbrains.kotlin\kotlin-stdlib\1.6.21\11ef67f1900634fd951bad28c53ec957fabbe5b8\kotlin-stdlib-1.6.21.jar;C:\Users\Lenovo\.gradle\caches\modules-2\files-2.1\org.jetbrains.kotlin\kotlin-script-runtime\1.6.21\99c6675100da5d6d5b1c5a1032f27f28008d101b\kotlin-script-runtime-1.6.21.jar;C:\Users\Lenovo\.gradle\caches\modules-2\files-2.1\org.jetbrains.kotlin\kotlin-daemon-embeddable\1.6.21\46b78cf392e1c4f10854c3cadba44abb7b82250f\kotlin-daemon-embeddable-1.6.21.jar;C:\Users\Lenovo\.gradle\caches\modules-2\files-2.1\org.jetbrains.intellij.deps\trove4j\1.0.20200330\3afb14d5f9ceb459d724e907a21145e8ff394f02\trove4j-1.0.20200330.jar;C:\Users\Lenovo\.gradle\caches\modules-2\files-2.1\net.java.dev.jna\jna\5.6.0\330f2244e9030119ab3030fc3fededc86713d9cc\jna-5.6.0.jar;C:\Users\Lenovo\.gradle\caches\modules-2\files-2.1\org.jetbrains.kotlin\kotlin-stdlib-common\1.6.21\5e5b55c26dbc80372a920aef60eb774b714559b8\kotlin-stdlib-common-1.6.21.jar;C:\Users\Lenovo\.gradle\caches\modules-2\files-2.1\org.jetbrains\annotations\13.0\919f0dfe192fb4e063e7dacadee7f8bb9a2672a9\annotations-13.0.jar
Launcher Type: SUN_STANDARD

[Global flags]
     intx CICompilerCount                          = 3                                         {product} {ergonomic}
     uint ConcGCThreads                            = 1                                         {product} {ergonomic}
     uint G1ConcRefinementThreads                  = 4                                         {product} {ergonomic}
   size_t G1HeapRegionSize                         = 1048576                                   {product} {ergonomic}
    uintx GCDrainStackTargetSize                   = 64                                        {product} {ergonomic}
   size_t InitialHeapSize                          = 100663296                                 {product} {ergonomic}
   size_t MarkStackSize                            = 4194304                                   {product} {ergonomic}
   size_t MaxHeapSize                              = 1595932672                                {product} {ergonomic}
   size_t MaxNewSize                               = 957349888                                 {product} {ergonomic}
   size_t MinHeapDeltaBytes                        = 1048576                                   {product} {ergonomic}
   size_t MinHeapSize                              = 8388608                                   {product} {ergonomic}
    uintx NonNMethodCodeHeapSize                   = 5832780                                {pd product} {ergonomic}
    uintx NonProfiledCodeHeapSize                  = 122912730                              {pd product} {ergonomic}
    uintx ProfiledCodeHeapSize                     = 122912730                              {pd product} {ergonomic}
    uintx ReservedCodeCacheSize                    = 251658240                              {pd product} {ergonomic}
     bool SegmentedCodeCache                       = true                                      {product} {ergonomic}
   size_t SoftMaxHeapSize                          = 1595932672                             {manageable} {ergonomic}
     bool UseCompressedClassPointers               = true                                 {lp64_product} {ergonomic}
     bool UseCompressedOops                        = true                                 {lp64_product} {ergonomic}
     bool UseG1GC                                  = true                                      {product} {ergonomic}
     bool UseLargePagesIndividualAllocation        = false                                  {pd product} {ergonomic}

Logging:
Log output configuration:
 #0: stdout all=warning uptime,level,tags
 #1: stderr all=off uptime,level,tags

Environment Variables:
JAVA_HOME=C:\Program Files\Java\jdk-14.0.2
CLASSPATH=C:\Users\Lenovo\Documents\Project\Krenova SMA 1 Kramat\Apps\smartgrow\android\\gradle\wrapper\gradle-wrapper.jar
PATH=C:\Program Files\Java\jdk-14.0.2\bin;C:\Program Files\OpenJDK\openjdk-11.0.13_8\bin;C:\Windows\system32;C:\Windows;C:\Windows\System32\Wbem;C:\Windows\System32\WindowsPowerShell\v1.0\;C:\Windows\System32\OpenSSH\;C:\Program Files\nodejs\;C:\ProgramData\chocolatey\bin;C:\Program Files\Git\cmd;C:\Users\Lenovo\AppData\Local\Android\Sdk\platform-tools;C:\xampp\php;C:\composer;C:\Program Files\IBM\SPSS\Statistics\25\JRE\bin;C:\Users\Lenovo\AppData\Local\Programs\Python\Python38\Scripts\;C:\Users\Lenovo\AppData\Local\Programs\Python\Python38\;C:\Users\Lenovo\AppData\Local\Programs\Python\Python310\Scripts\;C:\Users\Lenovo\AppData\Local\Programs\Python\Python310\;C:\Users\Lenovo\AppData\Local\Microsoft\WindowsApps;C:\Users\Lenovo\AppData\Local\Programs\Microsoft VS Code\bin;C:\Users\Lenovo\AppData\Roaming\npm;C:\Users\Lenovo\AppData\Local\Android\Sdk\platform-tools;C:\Program Files\heroku\bin;C:\Users\Lenovo\AppData\Roaming\Composer\vendor\bin;
USERNAME=Lenovo
OS=Windows_NT
PROCESSOR_IDENTIFIER=AMD64 Family 23 Model 24 Stepping 1, AuthenticAMD



---------------  S Y S T E M  ---------------

OS: Windows 10 , 64 bit Build 19041 (10.0.19041.2913)
OS uptime: 1 days 23:21 hours

CPU:total 4 (initial active 4) (4 cores per cpu, 2 threads per core) family 23 model 24 stepping 1, cmov, cx8, fxsr, mmx, sse, sse2, sse3, ssse3, sse4.1, sse4.2, popcnt, avx, avx2, aes, clmul, mmxext, 3dnowpref, lzcnt, sse4a, ht, tsc, tscinvbit, tscinv, bmi1, bmi2, adx, sha, fma

Memory: 4k page, system-wide physical 6082M (160M free)
TotalPageFile size 24514M (AvailPageFile size 2M)
current process WorkingSet (physical memory assigned to process): 58M, peak: 58M
current process commit charge ("private bytes"): 180M, peak: 180M

vm_info: Java HotSpot(TM) 64-Bit Server VM (14.0.2+12-46) for windows-amd64 JRE (14.0.2+12-46), built on Jul  9 2020 00:35:52 by "mach5one" with MS VC++ 15.9 (VS2017)

END.
